F:\PAUL LINKO\WIFI-MANAGER-CONSOLE\WIFINETWORKMANAGER\DEBUG\WIFINETWORKMANAGER.PCH
F:\PAUL LINKO\WIFI-MANAGER-CONSOLE\WIFINETWORKMANAGER\DEBUG\STDAFX.OBJ
F:\PAUL LINKO\WIFI-MANAGER-CONSOLE\WIFINETWORKMANAGER\DEBUG\VC110.PDB
F:\PAUL LINKO\WIFI-MANAGER-CONSOLE\WIFINETWORKMANAGER\DEBUG\WIFINETWORKMANAGER.OBJ
F:\PAUL LINKO\WIFI-MANAGER-CONSOLE\DEBUG\WIFINETWORKMANAGER.ILK
F:\PAUL LINKO\WIFI-MANAGER-CONSOLE\DEBUG\WIFINETWORKMANAGER.EXE
F:\PAUL LINKO\WIFI-MANAGER-CONSOLE\DEBUG\WIFINETWORKMANAGER.PDB
F:\Paul Linko\wifi-manager-console\WifiNetworkManager\Debug\stdafx.obj
F:\Paul Linko\wifi-manager-console\WifiNetworkManager\Debug\WifiNetworkManager.obj
F:\Paul Linko\wifi-manager-console\WifiNetworkManager\Debug\cl.command.1.tlog
F:\Paul Linko\wifi-manager-console\WifiNetworkManager\Debug\CL.read.1.tlog
F:\Paul Linko\wifi-manager-console\WifiNetworkManager\Debug\CL.write.1.tlog
F:\Paul Linko\wifi-manager-console\WifiNetworkManager\Debug\link-cvtres.read.1.tlog
F:\Paul Linko\wifi-manager-console\WifiNetworkManager\Debug\link-cvtres.write.1.tlog
F:\Paul Linko\wifi-manager-console\WifiNetworkManager\Debug\link-rc.read.1.tlog
F:\Paul Linko\wifi-manager-console\WifiNetworkManager\Debug\link-rc.write.1.tlog
F:\Paul Linko\wifi-manager-console\WifiNetworkManager\Debug\link.command.1.tlog
F:\Paul Linko\wifi-manager-console\WifiNetworkManager\Debug\link.read.1.tlog
F:\Paul Linko\wifi-manager-console\WifiNetworkManager\Debug\link.write.1.tlog
F:\Paul Linko\wifi-manager-console\WifiNetworkManager\Debug\WifiNetworkManager.pch
F:\Paul Linko\wifi-manager-console\WifiNetworkManager\Debug\vc110.idb
F:\Paul Linko\wifi-manager-console\WifiNetworkManager\Debug\vc110.pdb
F:\Paul Linko\wifi-manager-console\Debug\WifiNetworkManager.pdb
F:\Paul Linko\wifi-manager-console\Debug\WifiNetworkManager.exe
F:\Paul Linko\wifi-manager-console\Debug\WifiNetworkManager.ilk
